TN:
SF:components/external-link.tsx
FN:7,ExternalLink
FN:13,(anonymous_1)
FNF:2
FNH:0
FNDA:0,ExternalLink
FNDA:0,(anonymous_1)
DA:8,0
DA:14,0
DA:16,0
DA:18,0
LF:4
LH:0
BRDA:14,0,0,0
BRDA:14,0,1,0
BRF:2
BRH:0
end_of_record
TN:
SF:components/haptic-tab.tsx
FN:5,HapticTab
FN:9,(anonymous_1)
FNF:2
FNH:0
FNDA:0,HapticTab
FNDA:0,(anonymous_1)
DA:6,0
DA:10,0
DA:12,0
DA:14,0
LF:4
LH:0
BRDA:10,0,0,0
BRDA:10,0,1,0
BRF:2
BRH:0
end_of_record
TN:
SF:components/parallax-scroll-view.tsx
FN:21,ParallaxScrollView
FN:30,(anonymous_1)
FNF:2
FNH:0
FNDA:0,ParallaxScrollView
FNDA:0,(anonymous_1)
DA:14,0
DA:26,0
DA:27,0
DA:28,0
DA:29,0
DA:30,0
DA:31,0
DA:51,0
DA:71,0
LF:9
LH:0
BRDA:27,0,0,0
BRDA:27,0,1,0
BRF:2
BRH:0
end_of_record
TN:
SF:components/progress-ring.tsx
FN:18,ProgressRing
FNF:1
FNH:0
FNDA:0,ProgressRing
DA:27,0
DA:28,0
DA:30,0
DA:31,0
DA:32,0
DA:33,0
DA:35,0
LF:7
LH:0
BRDA:20,0,0,0
BRDA:21,1,0,0
BRDA:22,2,0,0
BRDA:24,3,0,0
BRDA:25,4,0,0
BRDA:45,5,0,0
BRDA:45,5,1,0
BRDA:73,6,0,0
BRDA:73,6,1,0
BRF:9
BRH:0
end_of_record
TN:
SF:components/themed-text.tsx
FN:11,ThemedText
FNF:1
FNH:1
FNDA:626,ThemedText
DA:18,626
DA:20,626
DA:36,4
LF:3
LH:3
BRDA:15,0,0,569
BRDA:24,1,0,569
BRDA:24,1,1,57
BRDA:25,2,0,11
BRDA:25,2,1,615
BRDA:26,3,0,46
BRDA:26,3,1,580
BRDA:27,4,0,0
BRDA:27,4,1,626
BRDA:28,5,0,0
BRDA:28,5,1,626
BRF:11
BRH:9
end_of_record
TN:
SF:components/themed-view.tsx
FN:10,ThemedView
FNF:1
FNH:1
FNDA:34,ThemedView
DA:16,34
DA:21,34
LF:2
LH:2
BRF:0
BRH:0
end_of_record
TN:
SF:components/workout-card.tsx
FN:14,WorkoutCard
FNF:1
FNH:0
FNDA:0,WorkoutCard
DA:20,0
DA:24,0
DA:28,0
DA:30,0
LF:4
LH:0
BRDA:45,0,0,0
BRDA:45,0,1,0
BRF:2
BRH:0
end_of_record
TN:
SF:components/account/account-header.tsx
FN:13,AccountHeader
FNF:1
FNH:0
FNDA:0,AccountHeader
DA:14,0
DA:15,0
DA:17,0
LF:3
LH:0
BRF:0
BRH:0
end_of_record
TN:
SF:components/account/goal-cards.tsx
FN:18,GoalCards
FN:32,(anonymous_1)
FNF:2
FNH:0
FNDA:0,GoalCards
FNDA:0,(anonymous_1)
DA:19,0
DA:23,0
DA:25,0
DA:33,0
LF:4
LH:0
BRF:0
BRH:0
end_of_record
TN:
SF:components/account/health-permission-card.tsx
FN:9,HealthPermissionCard
FNF:1
FNH:0
FNDA:0,HealthPermissionCard
DA:16,0
DA:18,0
DA:19,0
DA:20,0
DA:21,0
DA:22,0
DA:24,0
DA:25,0
DA:46,0
LF:9
LH:0
BRDA:24,0,0,0
BRDA:24,0,1,0
BRDA:64,1,0,0
BRDA:64,1,1,0
BRDA:65,2,0,0
BRDA:65,2,1,0
BRDA:72,3,0,0
BRDA:72,3,1,0
BRDA:77,4,0,0
BRDA:77,4,1,0
BRDA:78,5,0,0
BRDA:78,5,1,0
BRDA:86,6,0,0
BRDA:86,6,1,0
BRDA:92,7,0,0
BRDA:92,7,1,0
BRDA:119,8,0,0
BRDA:119,8,1,0
BRF:18
BRH:0
end_of_record
TN:
SF:components/account/index.ts
FNF:0
FNH:0
LF:0
LH:0
BRF:0
BRH:0
end_of_record
TN:
SF:components/account/settings-option.tsx
FN:13,SettingsOption
FNF:1
FNH:0
FNDA:0,SettingsOption
DA:14,0
DA:15,0
DA:17,0
LF:3
LH:0
BRDA:13,0,0,0
BRDA:21,1,0,0
BRDA:21,1,1,0
BRF:3
BRH:0
end_of_record
TN:
SF:components/account/settings.tsx
FN:17,Settings
FN:35,(anonymous_1)
FNF:2
FNH:0
FNDA:0,Settings
FNDA:0,(anonymous_1)
DA:18,0
DA:19,0
DA:21,0
DA:36,0
LF:4
LH:0
BRF:0
BRH:0
end_of_record
TN:
SF:components/home/greeting-header.tsx
FN:13,GreetingHeader
FN:17,(anonymous_1)
FNF:2
FNH:2
FNDA:11,GreetingHeader
FNDA:11,(anonymous_1)
DA:14,11
DA:15,11
DA:17,11
DA:18,11
DA:19,11
DA:20,4
DA:21,2
DA:24,11
LF:8
LH:8
BRDA:19,0,0,7
BRDA:19,0,1,4
BRDA:20,1,0,2
BRDA:20,1,1,2
BRF:4
BRH:4
end_of_record
TN:
SF:components/home/index.ts
FNF:0
FNH:0
LF:0
LH:0
BRF:0
BRH:0
end_of_record
TN:
SF:components/home/next-workout-card.tsx
FN:18,NextWorkoutCard
FN:35,(anonymous_1)
FNF:2
FNH:0
FNDA:0,NextWorkoutCard
FNDA:0,(anonymous_1)
DA:27,0
DA:28,0
DA:29,0
DA:30,0
DA:31,0
DA:32,0
DA:33,0
DA:35,0
DA:36,0
DA:37,0
DA:38,0
DA:41,0
LF:12
LH:0
BRDA:36,0,0,0
BRDA:36,0,1,0
BRDA:37,1,0,0
BRDA:37,1,1,0
BRF:4
BRH:0
end_of_record
TN:
SF:components/home/quick-picks.tsx
FN:18,QuickPicks
FN:25,(anonymous_1)
FN:26,(anonymous_2)
FN:27,(anonymous_3)
FN:28,(anonymous_4)
FN:43,(anonymous_5)
FNF:6
FNH:0
FNDA:0,QuickPicks
FNDA:0,(anonymous_1)
FNDA:0,(anonymous_2)
FNDA:0,(anonymous_3)
FNDA:0,(anonymous_4)
FNDA:0,(anonymous_5)
DA:19,0
DA:20,0
DA:21,0
DA:22,0
DA:24,0
DA:25,0
DA:26,0
DA:27,0
DA:28,0
DA:31,0
DA:44,0
DA:45,0
LF:12
LH:0
BRF:0
BRH:0
end_of_record
TN:
SF:components/home/recent-workouts.tsx
FN:18,RecentWorkouts
FN:40,(anonymous_1)
FNF:2
FNH:0
FNDA:0,RecentWorkouts
FNDA:0,(anonymous_1)
DA:19,0
DA:20,0
DA:21,0
DA:23,0
DA:41,0
LF:5
LH:0
BRDA:34,0,0,0
BRDA:34,0,1,0
BRDA:50,1,0,0
BRDA:50,1,1,0
BRF:4
BRH:0
end_of_record
TN:
SF:components/home/start-now-button.tsx
FN:12,StartNowButton
FNF:1
FNH:0
FNDA:0,StartNowButton
DA:13,0
DA:14,0
DA:16,0
LF:3
LH:0
BRF:0
BRH:0
end_of_record
TN:
SF:components/home/today-progress.tsx
FN:18,TodayProgress
FNF:1
FNH:0
FNDA:0,TodayProgress
DA:27,0
DA:28,0
DA:30,0
LF:3
LH:0
BRDA:23,0,0,0
BRDA:24,1,0,0
BRDA:25,2,0,0
BRDA:57,3,0,0
BRDA:57,3,1,0
BRF:5
BRH:0
end_of_record
TN:
SF:components/tracking/progress-ring.tsx
FN:18,ProgressRing
FNF:1
FNH:1
FNDA:38,ProgressRing
DA:27,38
DA:28,38
DA:29,38
DA:30,38
DA:32,38
DA:33,38
DA:35,38
LF:7
LH:7
BRDA:20,0,0,0
BRDA:21,1,0,0
BRDA:24,2,0,0
BRDA:25,3,0,38
BRDA:72,4,0,38
BRDA:72,4,1,0
BRF:6
BRH:2
end_of_record
TN:
SF:components/tracking/stat-card.tsx
FN:22,StatCard
FNF:1
FNH:1
FNDA:23,StatCard
DA:35,23
DA:36,23
DA:37,23
DA:38,23
DA:42,23
DA:43,23
DA:44,23
DA:47,23
DA:50,23
DA:150,23
DA:151,1
DA:158,22
DA:161,1
LF:13
LH:13
BRDA:26,0,0,17
BRDA:31,1,0,23
BRDA:33,2,0,1
BRDA:35,3,0,11
BRDA:35,3,1,12
BRDA:35,4,0,23
BRDA:35,4,1,11
BRDA:37,5,0,5
BRDA:37,5,1,18
BRDA:38,6,0,11
BRDA:38,6,1,12
BRDA:39,7,0,4
BRDA:39,7,1,7
BRDA:50,8,0,3
BRDA:50,8,1,20
BRDA:59,9,0,3
BRDA:59,9,1,0
BRDA:79,10,0,3
BRDA:79,10,1,0
BRDA:85,11,0,3
BRDA:85,11,1,0
BRDA:113,12,0,20
BRDA:113,12,1,0
BRDA:125,13,0,8
BRDA:125,13,1,12
BRDA:131,14,0,1
BRDA:131,14,1,19
BRDA:137,15,0,2
BRDA:137,15,1,18
BRDA:137,16,0,20
BRDA:137,16,1,3
BRDA:150,17,0,1
BRDA:150,17,1,22
BRF:33
BRH:29
end_of_record
TN:
SF:components/tracking/tracking-config-modal.tsx
FN:15,TrackingConfigModal
FN:19,(anonymous_1)
FN:32,(anonymous_2)
FN:33,(anonymous_3)
FN:36,(anonymous_4)
FN:40,(anonymous_5)
FN:73,(anonymous_6)
FN:96,(anonymous_7)
FN:119,(anonymous_8)
FNF:9
FNH:5
FNDA:17,TrackingConfigModal
FNDA:15,(anonymous_1)
FNDA:0,(anonymous_2)
FNDA:0,(anonymous_3)
FNDA:0,(anonymous_4)
FNDA:3,(anonymous_5)
FNDA:136,(anonymous_6)
FNDA:136,(anonymous_7)
FNDA:0,(anonymous_8)
DA:8,1
DA:16,17
DA:17,17
DA:19,17
DA:20,15
DA:21,14
DA:25,17
DA:26,17
DA:27,17
DA:28,17
DA:30,17
DA:32,17
DA:33,0
DA:34,0
DA:35,0
DA:36,0
DA:40,17
DA:41,3
DA:42,3
DA:45,17
DA:74,136
DA:97,136
DA:98,136
DA:99,136
DA:101,136
DA:119,0
DA:145,1
LF:27
LH:22
BRDA:20,0,0,14
BRDA:20,0,1,1
BRDA:35,1,0,0
BRDA:35,1,1,0
BRDA:35,2,0,0
BRDA:35,2,1,0
BRDA:36,3,0,0
BRDA:36,3,1,0
BRDA:68,4,0,2
BRDA:68,4,1,15
BRDA:78,5,0,76
BRDA:78,5,1,60
BRDA:98,6,0,136
BRDA:98,6,1,60
BRDA:106,7,0,136
BRDA:106,7,1,119
BRDA:107,8,0,136
BRDA:107,8,1,0
BRDA:119,9,0,0
BRDA:119,9,1,0
BRF:20
BRH:11
end_of_record
TN:
SF:components/tracking/tracking-section.tsx
FN:31,TrackingSection
FN:69,(anonymous_1)
FNF:2
FNH:0
FNDA:0,TrackingSection
FNDA:0,(anonymous_1)
DA:37,0
DA:38,0
DA:39,0
DA:41,0
DA:70,0
LF:5
LH:0
BRDA:32,0,0,0
BRDA:34,1,0,0
BRDA:55,2,0,0
BRDA:55,2,1,0
BRDA:64,3,0,0
BRDA:64,3,1,0
BRDA:72,4,0,0
BRDA:72,4,1,0
BRF:8
BRH:0
end_of_record
TN:
SF:components/tracking/water-log-modal.tsx
FN:16,WaterLogModal
FN:39,(anonymous_1)
FN:80,(anonymous_2)
FN:84,(anonymous_3)
FNF:4
FNH:3
FNDA:16,WaterLogModal
FNDA:0,(anonymous_1)
FNDA:48,(anonymous_2)
FNDA:4,(anonymous_3)
DA:23,16
DA:24,16
DA:26,16
DA:27,16
DA:28,16
DA:30,16
DA:81,48
DA:84,4
LF:8
LH:8
BRDA:23,0,0,15
BRDA:23,0,1,1
BRF:2
BRH:2
end_of_record
TN:
SF:components/ui/collapsible.tsx
FN:10,Collapsible
FN:21,(anonymous_1)
FN:21,(anonymous_2)
FNF:3
FNH:0
FNDA:0,Collapsible
FNDA:0,(anonymous_1)
FNDA:0,(anonymous_2)
DA:14,0
DA:15,0
DA:17,0
DA:21,0
DA:39,0
LF:5
LH:0
BRDA:15,0,0,0
BRDA:15,0,1,0
BRDA:28,1,0,0
BRDA:28,1,1,0
BRDA:29,2,0,0
BRDA:29,2,1,0
BRDA:34,3,0,0
BRDA:34,3,1,0
BRF:8
BRH:0
end_of_record
TN:
SF:components/ui/icon-symbol.ios.tsx
FN:4,IconSymbol
FNF:1
FNH:0
FNDA:0,IconSymbol
DA:17,0
LF:1
LH:0
BRDA:6,0,0,0
BRDA:9,1,0,0
BRF:2
BRH:0
end_of_record
TN:
SF:components/ui/icon-symbol.tsx
FN:28,IconSymbol
FNF:1
FNH:0
FNDA:0,IconSymbol
DA:16,0
DA:40,0
LF:2
LH:0
BRDA:30,0,0,0
BRF:1
BRH:0
end_of_record
TN:
SF:constants/theme.ts
FNF:0
FNH:0
DA:8,5
DA:9,5
DA:11,5
DA:38,5
LF:4
LH:4
BRF:0
BRH:0
end_of_record
TN:
SF:constants/tracking-stats.ts
FNF:0
FNH:0
DA:34,2
DA:109,2
DA:116,2
LF:3
LH:3
BRF:0
BRH:0
end_of_record
TN:
SF:contexts/auth.tsx
FN:53,AuthProvider
FN:59,(anonymous_1)
FN:60,restoreSession
FN:83,login
FN:105,register
FN:112,updateProfile
FN:117,logout
FN:131,useAuth
FNF:8
FNH:8
FNDA:32,AuthProvider
FNDA:12,(anonymous_1)
FNDA:12,restoreSession
FNDA:7,login
FNDA:2,register
FNDA:2,updateProfile
FNDA:1,logout
FNDA:34,useAuth
DA:51,1
DA:54,32
DA:55,32
DA:56,32
DA:59,32
DA:61,12
DA:62,12
DA:63,12
DA:64,3
DA:67,3
DA:70,1
DA:74,1
DA:75,1
DA:77,11
DA:80,12
DA:85,7
DA:86,7
DA:87,7
DA:89,7
DA:93,6
DA:94,6
DA:95,6
DA:96,6
DA:99,6
DA:102,6
DA:107,2
DA:109,1
DA:113,2
DA:114,1
DA:118,1
DA:119,1
DA:120,1
DA:121,1
DA:124,32
DA:132,34
DA:133,34
DA:134,2
DA:136,32
LF:38
LH:38
BRDA:63,0,0,3
BRDA:63,0,1,9
BRDA:133,1,0,2
BRDA:133,1,1,32
BRF:4
BRH:4
end_of_record
TN:
SF:contexts/onboarding.tsx
FN:21,(anonymous_0)
FN:23,(anonymous_1)
FN:26,OnboardingProvider
FN:46,useOnboarding
FNF:4
FNH:2
FNDA:0,(anonymous_0)
FNDA:0,(anonymous_1)
FNDA:12,OnboardingProvider
FNDA:13,useOnboarding
DA:19,1
DA:27,12
DA:28,12
DA:37,12
DA:47,13
LF:5
LH:5
BRF:0
BRH:0
end_of_record
TN:
SF:contexts/tracking-preferences.tsx
FN:17,(anonymous_0)
FN:20,TrackingPreferencesProvider
FN:23,(anonymous_2)
FN:24,(anonymous_3)
FN:34,(anonymous_4)
FN:46,useTrackingPreferences
FNF:6
FNH:5
FNDA:0,(anonymous_0)
FNDA:28,TrackingPreferencesProvider
FNDA:21,(anonymous_2)
FNDA:20,(anonymous_3)
FNDA:7,(anonymous_4)
FNDA:31,useTrackingPreferences
DA:8,2
DA:15,2
DA:21,28
DA:23,28
DA:24,21
DA:25,20
DA:26,4
DA:27,4
DA:28,3
DA:34,28
DA:35,7
DA:36,7
DA:39,28
DA:47,31
LF:14
LH:14
BRDA:25,0,0,4
BRDA:25,0,1,16
BRDA:27,1,0,3
BRDA:27,1,1,1
BRDA:27,2,0,4
BRDA:27,2,1,4
BRF:6
BRH:6
end_of_record
TN:
SF:hooks/use-color-scheme.ts
FNF:0
FNH:0
LF:0
LH:0
BRF:0
BRH:0
end_of_record
TN:
SF:hooks/use-color-scheme.web.ts
FN:7,useColorScheme
FN:10,(anonymous_1)
FNF:2
FNH:0
FNDA:0,useColorScheme
FNDA:0,(anonymous_1)
DA:8,0
DA:10,0
DA:11,0
DA:14,0
DA:16,0
DA:17,0
DA:20,0
LF:7
LH:0
BRDA:16,0,0,0
BRDA:16,0,1,0
BRF:2
BRH:0
end_of_record
TN:
SF:hooks/use-health-data.ts
FN:29,useHealthData
FN:43,(anonymous_1)
FN:58,(anonymous_2)
FN:66,(anonymous_3)
FN:69,(anonymous_4)
FN:78,(anonymous_5)
FN:80,(anonymous_6)
FN:89,(anonymous_7)
FN:99,(anonymous_8)
FN:109,(anonymous_9)
FN:126,(anonymous_10)
FN:130,(anonymous_11)
FN:131,(anonymous_12)
FN:141,(anonymous_13)
FN:154,(anonymous_14)
FN:156,(anonymous_15)
FN:162,(anonymous_16)
FN:165,(anonymous_17)
FN:176,(anonymous_18)
FN:179,(anonymous_19)
FN:203,(anonymous_20)
FNF:21
FNH:19
FNDA:24,useHealthData
FNDA:10,(anonymous_1)
FNDA:10,(anonymous_2)
FNDA:10,(anonymous_3)
FNDA:2,(anonymous_4)
FNDA:10,(anonymous_5)
FNDA:0,(anonymous_6)
FNDA:10,(anonymous_7)
FNDA:10,(anonymous_8)
FNDA:10,(anonymous_9)
FNDA:10,(anonymous_10)
FNDA:5,(anonymous_11)
FNDA:4,(anonymous_12)
FNDA:10,(anonymous_13)
FNDA:10,(anonymous_14)
FNDA:3,(anonymous_15)
FNDA:1,(anonymous_16)
FNDA:0,(anonymous_17)
FNDA:14,(anonymous_18)
FNDA:10,(anonymous_19)
FNDA:1,(anonymous_20)
DA:4,1
DA:6,1
DA:7,1
DA:8,1
DA:9,1
DA:10,1
DA:11,1
DA:12,1
DA:14,1
DA:30,24
DA:31,24
DA:32,24
DA:33,24
DA:34,24
DA:35,24
DA:36,24
DA:37,24
DA:38,24
DA:39,24
DA:41,24
DA:43,24
DA:44,10
DA:46,10
DA:47,10
DA:48,10
DA:50,10
DA:51,10
DA:53,10
DA:56,10
DA:59,10
DA:64,10
DA:67,10
DA:68,10
DA:69,10
DA:70,10
DA:76,10
DA:79,10
DA:80,10
DA:81,10
DA:87,10
DA:90,10
DA:91,10
DA:97,10
DA:100,10
DA:101,10
DA:107,10
DA:110,10
DA:111,0
DA:117,10
DA:118,10
DA:119,10
DA:121,10
DA:127,10
DA:128,10
DA:129,10
DA:130,5
DA:132,4
DA:133,4
DA:135,10
DA:141,24
DA:142,10
DA:144,10
DA:145,10
DA:146,10
DA:147,10
DA:149,10
DA:155,10
DA:156,10
DA:162,24
DA:163,1
DA:165,0
DA:166,0
DA:167,0
DA:168,0
DA:170,0
DA:171,0
DA:172,0
DA:176,24
DA:177,14
DA:179,10
DA:180,10
DA:181,1
DA:182,1
DA:184,9
DA:185,9
DA:186,9
DA:190,24
DA:204,1
DA:205,1
LF:89
LH:81
BRDA:41,0,0,24
BRDA:41,0,1,20
BRDA:44,1,0,0
BRDA:44,1,1,10
BRDA:59,2,0,10
BRDA:59,2,1,0
BRDA:59,3,0,10
BRDA:59,3,1,10
BRDA:68,4,0,10
BRDA:68,4,1,0
BRDA:68,5,0,10
BRDA:68,5,1,10
BRDA:79,6,0,10
BRDA:79,6,1,0
BRDA:79,7,0,10
BRDA:79,7,1,10
BRDA:90,8,0,10
BRDA:90,8,1,0
BRDA:90,9,0,10
BRDA:90,9,1,10
BRDA:100,10,0,10
BRDA:100,10,1,0
BRDA:100,11,0,10
BRDA:100,11,1,10
BRDA:110,12,0,0
BRDA:110,12,1,10
BRDA:110,13,0,10
BRDA:110,13,1,10
BRDA:110,13,2,10
BRDA:127,14,0,10
BRDA:127,14,1,0
BRDA:127,15,0,10
BRDA:127,15,1,10
BRDA:142,16,0,0
BRDA:142,16,1,10
BRDA:155,17,0,10
BRDA:155,17,1,0
BRDA:155,18,0,10
BRDA:155,18,1,10
BRDA:163,19,0,1
BRDA:163,19,1,0
BRDA:166,20,0,0
BRDA:166,20,1,0
BRDA:177,21,0,4
BRDA:177,21,1,10
BRDA:180,22,0,1
BRDA:180,22,1,9
BRF:47
BRH:34
end_of_record
TN:
SF:hooks/use-scan-capture.ts
FN:62,useScanCapture
FN:77,(anonymous_1)
FN:77,(anonymous_2)
FN:82,(anonymous_3)
FN:95,(anonymous_4)
FN:106,(anonymous_5)
FN:130,(anonymous_6)
FN:143,(anonymous_7)
FN:166,(anonymous_8)
FN:167,(anonymous_9)
FN:170,(anonymous_10)
FN:174,(anonymous_11)
FN:178,(anonymous_12)
FNF:13
FNH:13
FNDA:50,useScanCapture
FNDA:33,(anonymous_1)
FNDA:61,(anonymous_2)
FNDA:22,(anonymous_3)
FNDA:20,(anonymous_4)
FNDA:22,(anonymous_5)
FNDA:18,(anonymous_6)
FNDA:5,(anonymous_7)
FNDA:1,(anonymous_8)
FNDA:1,(anonymous_9)
FNDA:6,(anonymous_10)
FNDA:1,(anonymous_11)
FNDA:11,(anonymous_12)
DA:27,1
DA:51,1
DA:52,1
DA:63,50
DA:68,50
DA:69,50
DA:71,50
DA:73,50
DA:74,50
DA:75,50
DA:76,50
DA:77,61
DA:80,50
DA:82,50
DA:83,22
DA:84,22
DA:85,22
DA:86,1
DA:90,1
DA:92,21
DA:95,50
DA:96,20
DA:97,1
DA:99,19
DA:100,1
DA:102,18
DA:105,50
DA:107,22
DA:108,22
DA:110,21
DA:121,21
DA:123,20
DA:124,20
DA:125,20
DA:126,2
DA:127,2
DA:130,18
DA:143,50
DA:144,5
DA:146,4
DA:147,4
DA:148,4
DA:155,3
DA:160,1
DA:162,4
DA:166,50
DA:167,1
DA:170,50
DA:171,6
DA:172,5
DA:174,1
DA:178,50
DA:179,11
DA:182,50
LF:54
LH:54
BRDA:80,0,0,50
BRDA:80,0,1,23
BRDA:80,0,2,22
BRDA:80,0,3,9
BRDA:85,1,0,1
BRDA:85,1,1,21
BRDA:85,2,0,22
BRDA:85,2,1,21
BRDA:96,3,0,1
BRDA:96,3,1,19
BRDA:96,4,0,20
BRDA:96,4,1,20
BRDA:99,5,0,1
BRDA:99,5,1,18
BRDA:99,6,0,19
BRDA:99,6,1,19
BRDA:108,7,0,1
BRDA:108,7,1,21
BRDA:110,8,0,1
BRDA:110,8,1,20
BRDA:121,9,0,1
BRDA:121,9,1,20
BRDA:125,10,0,2
BRDA:125,10,1,18
BRDA:134,11,0,18
BRDA:134,11,1,0
BRDA:135,12,0,18
BRDA:135,12,1,0
BRDA:136,13,0,18
BRDA:136,13,1,0
BRDA:144,14,0,1
BRDA:144,14,1,4
BRDA:144,15,0,5
BRDA:144,15,1,5
BRDA:160,16,0,1
BRDA:160,16,1,0
BRDA:171,17,0,5
BRDA:171,17,1,1
BRF:38
BRH:34
end_of_record
TN:
SF:hooks/use-theme-color.ts
FN:9,useThemeColor
FNF:1
FNH:1
FNDA:972,useThemeColor
DA:13,972
DA:14,972
DA:16,972
DA:17,14
DA:19,958
LF:5
LH:5
BRDA:13,0,0,972
BRDA:13,0,1,2
BRDA:16,1,0,14
BRDA:16,1,1,958
BRF:4
BRH:4
end_of_record
TN:
SF:services/api.ts
FN:6,(anonymous_0)
FN:22,(anonymous_1)
FN:33,processQueue
FN:34,(anonymous_3)
FN:39,(anonymous_4)
FN:40,(anonymous_5)
FN:53,(anonymous_6)
FN:55,(anonymous_7)
FNF:8
FNH:5
FNDA:7,(anonymous_0)
FNDA:13,(anonymous_1)
FNDA:3,processQueue
FNDA:0,(anonymous_3)
FNDA:7,(anonymous_4)
FNDA:6,(anonymous_5)
FNDA:0,(anonymous_6)
FNDA:0,(anonymous_7)
DA:6,2
DA:7,7
DA:8,0
DA:11,7
DA:12,2
DA:15,5
DA:18,2
DA:22,2
DA:23,13
DA:24,13
DA:25,3
DA:27,13
DA:30,2
DA:31,2
DA:34,3
DA:35,3
DA:38,2
DA:39,7
DA:41,6
DA:43,6
DA:44,2
DA:48,4
DA:49,1
DA:52,3
DA:53,0
DA:54,0
DA:56,0
DA:57,0
DA:61,3
DA:62,3
DA:64,3
DA:65,3
DA:66,3
DA:68,2
DA:69,2
DA:71,2
DA:72,2
DA:74,2
DA:75,2
DA:76,2
DA:78,1
DA:79,1
DA:80,1
DA:81,1
DA:83,3
LF:45
LH:40
BRDA:7,0,0,0
BRDA:7,0,1,7
BRDA:11,1,0,2
BRDA:11,1,1,5
BRDA:24,2,0,3
BRDA:24,2,1,10
BRDA:34,3,0,0
BRDA:34,3,1,0
BRDA:43,4,0,2
BRDA:43,4,1,4
BRDA:43,5,0,6
BRDA:43,5,1,4
BRDA:48,6,0,1
BRDA:48,6,1,3
BRDA:52,7,0,0
BRDA:52,7,1,3
BRDA:66,8,0,1
BRDA:66,8,1,2
BRF:18
BRH:14
end_of_record
TN:
SF:services/scan.ts
FN:24,guessName
FN:30,guessType
FN:41,analyzeScan
FN:52,(anonymous_3)
FN:71,(anonymous_4)
FNF:5
FNH:4
FNDA:59,guessName
FNDA:60,guessType
FNDA:20,analyzeScan
FNDA:60,(anonymous_3)
FNDA:0,(anonymous_4)
DA:25,59
DA:26,59
DA:27,59
DA:31,60
DA:32,59
DA:33,59
DA:34,57
DA:48,20
DA:50,20
DA:52,20
DA:53,60
DA:54,60
DA:58,60
DA:65,20
DA:66,20
DA:67,20
DA:70,20
DA:71,20
DA:74,20
DA:75,20
DA:85,3
DA:86,3
DA:87,1
DA:89,2
DA:91,17
DA:93,17
DA:94,3
DA:95,3
DA:96,3
DA:97,2
DA:99,3
DA:102,14
LF:32
LH:32
BRDA:26,0,0,56
BRDA:26,0,1,3
BRDA:26,1,0,59
BRDA:26,1,1,59
BRDA:31,2,0,1
BRDA:31,2,1,59
BRDA:33,3,0,2
BRDA:33,3,1,57
BRDA:53,4,0,60
BRDA:53,4,1,59
BRDA:86,5,0,1
BRDA:86,5,1,2
BRDA:93,6,0,3
BRDA:93,6,1,14
BRDA:97,7,0,1
BRDA:97,7,1,1
BRF:16
BRH:16
end_of_record
TN:
SF:services/tracking-goals.ts
FN:13,roundToNearest
FN:17,getAdaptiveStepGoal
FN:21,(anonymous_2)
FN:29,getWaterGoalOz
FNF:4
FNH:4
FNDA:25,roundToNearest
FNDA:17,getAdaptiveStepGoal
FNDA:29,(anonymous_2)
FNDA:10,getWaterGoalOz
DA:1,1
DA:3,1
DA:4,1
DA:5,1
DA:6,1
DA:7,1
DA:8,1
DA:9,1
DA:10,1
DA:11,1
DA:14,25
DA:18,17
DA:21,29
DA:23,16
DA:24,16
DA:26,16
DA:30,10
DA:31,6
LF:18
LH:18
BRDA:18,0,0,1
BRDA:18,0,1,16
BRDA:30,1,0,4
BRDA:30,1,1,6
BRDA:30,2,0,10
BRDA:30,2,1,7
BRF:6
BRH:6
end_of_record
TN:
SF:services/water.ts
FN:13,getTodayWaterSummary
FN:18,createWaterLog
FNF:2
FNH:2
FNDA:3,getTodayWaterSummary
FNDA:4,createWaterLog
DA:14,3
DA:15,2
DA:19,4
DA:20,2
LF:4
LH:4
BRF:0
BRH:0
end_of_record
